2018-04-10 21:26:07 7980 [Note] Plugin 'FEDERATED' is disabled.
2018-04-10 21:26:08 7980 [Note] InnoDB: The InnoDB memory heap is disabled
2018-04-10 21:26:08 7980 [Note] InnoDB: Mutexes and rw_locks use Windows interlocked functions
2018-04-10 21:26:08 7980 [Note] InnoDB: Compressed tables use zlib 1.2.3
2018-04-10 21:26:08 7980 [Note] InnoDB: Not using CPU crc32 instructions
2018-04-10 21:26:08 7980 [Note] InnoDB: Initializing buffer pool, size = 128.0M
2018-04-10 21:26:08 7980 [Note] InnoDB: Completed initialization of buffer pool
2018-04-10 21:26:08 7980 [Note] InnoDB: Highest supported file format is Barracuda.
2018-04-10 21:26:08 7980 [Note] InnoDB: The log sequence numbers 1626134 and 1626134 in ibdata files do not match the log sequence number 14873806 in the ib_logfiles!
2018-04-10 21:26:08 7980 [Note] InnoDB: Database was not shutdown normally!
2018-04-10 21:26:08 7980 [Note] InnoDB: Starting crash recovery.
2018-04-10 21:26:08 7980 [Note] InnoDB: Reading tablespace information from the .ibd files...
2018-04-10 21:26:08 7980 [Note] InnoDB: Restoring possible half-written data pages 
2018-04-10 21:26:08 7980 [Note] InnoDB: from the doublewrite buffer...
2018-04-10 21:26:09 7980 [Note] InnoDB: 128 rollback segment(s) are active.
2018-04-10 21:26:09 7980 [Note] InnoDB: Waiting for purge to start
2018-04-10 21:26:09 7980 [Note] InnoDB: 5.6.13 started; log sequence number 14873806
2018-04-10 21:26:09 7980 [Note] Server hostname (bind-address): '*'; port: 3306
2018-04-10 21:26:09 7980 [Note] IPv6 is available.
2018-04-10 21:26:09 7980 [Note]   - '::' resolves to '::';
2018-04-10 21:26:09 7980 [Note] Server socket created on IP: '::'.
2018-04-11 02:17:05 3840 [Note] Plugin 'FEDERATED' is disabled.
2018-04-11 02:17:07 3840 [Note] InnoDB: The InnoDB memory heap is disabled
2018-04-11 02:17:07 3840 [Note] InnoDB: Mutexes and rw_locks use Windows interlocked functions
2018-04-11 02:17:07 3840 [Note] InnoDB: Compressed tables use zlib 1.2.3
2018-04-11 02:17:08 3840 [Note] InnoDB: Not using CPU crc32 instructions
2018-04-11 02:17:08 3840 [Note] InnoDB: Initializing buffer pool, size = 128.0M
2018-04-11 02:17:08 3840 [Note] InnoDB: Completed initialization of buffer pool
2018-04-11 02:17:08 3840 [Note] InnoDB: Highest supported file format is Barracuda.
2018-04-11 02:17:08 3840 [Note] InnoDB: The log sequence numbers 1626134 and 1626134 in ibdata files do not match the log sequence number 14905171 in the ib_logfiles!
2018-04-11 02:17:08 3840 [Note] InnoDB: Database was not shutdown normally!
2018-04-11 02:17:08 3840 [Note] InnoDB: Starting crash recovery.
2018-04-11 02:17:08 3840 [Note] InnoDB: Reading tablespace information from the .ibd files...
2018-04-11 02:17:09 3840 [Note] InnoDB: Restoring possible half-written data pages 
2018-04-11 02:17:09 3840 [Note] InnoDB: from the doublewrite buffer...
2018-04-11 02:17:14 3840 [Note] InnoDB: 128 rollback segment(s) are active.
2018-04-11 02:17:14 3840 [Note] InnoDB: Waiting for purge to start
2018-04-11 02:17:14 3840 [Note] InnoDB: 5.6.13 started; log sequence number 14905171
2018-04-11 02:17:15 3840 [Note] Server hostname (bind-address): '*'; port: 3306
2018-04-11 02:17:15 3840 [Note] IPv6 is available.
2018-04-11 02:17:15 3840 [Note]   - '::' resolves to '::';
2018-04-11 02:17:15 3840 [Note] Server socket created on IP: '::'.
2018-04-11 03:46:46 6944 [Note] Plugin 'FEDERATED' is disabled.
2018-04-11 03:46:47 6944 [Note] InnoDB: The InnoDB memory heap is disabled
2018-04-11 03:46:47 6944 [Note] InnoDB: Mutexes and rw_locks use Windows interlocked functions
2018-04-11 03:46:47 6944 [Note] InnoDB: Compressed tables use zlib 1.2.3
2018-04-11 03:46:47 6944 [Note] InnoDB: Not using CPU crc32 instructions
2018-04-11 03:46:47 6944 [Note] InnoDB: Initializing buffer pool, size = 128.0M
2018-04-11 03:46:47 6944 [Note] InnoDB: Completed initialization of buffer pool
2018-04-11 03:46:47 6944 [Note] InnoDB: Highest supported file format is Barracuda.
2018-04-11 03:46:47 6944 [Note] InnoDB: The log sequence numbers 1626134 and 1626134 in ibdata files do not match the log sequence number 14905181 in the ib_logfiles!
2018-04-11 03:46:47 6944 [Note] InnoDB: Database was not shutdown normally!
2018-04-11 03:46:47 6944 [Note] InnoDB: Starting crash recovery.
2018-04-11 03:46:47 6944 [Note] InnoDB: Reading tablespace information from the .ibd files...
2018-04-11 03:46:47 6944 [Note] InnoDB: Restoring possible half-written data pages 
2018-04-11 03:46:47 6944 [Note] InnoDB: from the doublewrite buffer...
2018-04-11 03:46:49 6944 [Note] InnoDB: 128 rollback segment(s) are active.
2018-04-11 03:46:49 6944 [Note] InnoDB: Waiting for purge to start
2018-04-11 03:46:49 6944 [Note] InnoDB: 5.6.13 started; log sequence number 14905181
2018-04-11 03:46:49 6944 [Note] Server hostname (bind-address): '*'; port: 3306
2018-04-11 03:46:49 6944 [Note] IPv6 is available.
2018-04-11 03:46:49 6944 [Note]   - '::' resolves to '::';
2018-04-11 03:46:49 6944 [Note] Server socket created on IP: '::'.
