2018-02-02 15:00:22 1712 [Note] Plugin 'FEDERATED' is disabled.
2018-02-02 15:00:22 1712 [Note] InnoDB: The InnoDB memory heap is disabled
2018-02-02 15:00:22 1712 [Note] InnoDB: Mutexes and rw_locks use Windows interlocked functions
2018-02-02 15:00:22 1712 [Note] InnoDB: Compressed tables use zlib 1.2.3
2018-02-02 15:00:22 1712 [Note] InnoDB: Not using CPU crc32 instructions
2018-02-02 15:00:22 1712 [Note] InnoDB: Initializing buffer pool, size = 128.0M
2018-02-02 15:00:22 1712 [Note] InnoDB: Completed initialization of buffer pool
2018-02-02 15:00:22 1712 [Note] InnoDB: Setting log file C:\Users\ITE152a-28\Desktop\localhost\mysql\data\ib_logfile101 size to 5 MB
2018-02-02 15:00:22 1712 [Note] InnoDB: Setting log file C:\Users\ITE152a-28\Desktop\localhost\mysql\data\ib_logfile1 size to 5 MB
2018-02-02 15:00:23 1712 [Note] InnoDB: Renaming log file C:\Users\ITE152a-28\Desktop\localhost\mysql\data\ib_logfile101 to C:\Users\ITE152a-28\Desktop\localhost\mysql\data\ib_logfile0
2018-02-02 15:00:23 1712 [Warning] InnoDB: New log files created, LSN=1626134
2018-02-02 15:00:23 1712 [Note] InnoDB: Highest supported file format is Barracuda.
2018-02-02 15:00:23 1712 [Note] InnoDB: 128 rollback segment(s) are active.
2018-02-02 15:00:23 1712 [Note] InnoDB: Waiting for purge to start
2018-02-02 15:00:23 1712 [Note] InnoDB: 5.6.13 started; log sequence number 1626636
2018-02-02 15:00:23 1712 [Warning] No existing UUID has been found, so we assume that this is the first time that this server has been started. Generating a new UUID: bd30a6bd-07e6-11e8-910c-60a44c60ae05.
2018-02-02 15:00:23 1712 [Note] Server hostname (bind-address): '*'; port: 3307
2018-02-02 15:00:23 1712 [Note] IPv6 is available.
2018-02-02 15:00:23 1712 [Note]   - '::' resolves to '::';
2018-02-02 15:00:23 1712 [Note] Server socket created on IP: '::'.
2018-02-02 15:00:42 1452 [Note] Plugin 'FEDERATED' is disabled.
2018-02-02 15:00:42 1452 [Note] InnoDB: The InnoDB memory heap is disabled
2018-02-02 15:00:42 1452 [Note] InnoDB: Mutexes and rw_locks use Windows interlocked functions
2018-02-02 15:00:42 1452 [Note] InnoDB: Compressed tables use zlib 1.2.3
2018-02-02 15:00:42 1452 [Note] InnoDB: Not using CPU crc32 instructions
2018-02-02 15:00:42 1452 [Note] InnoDB: Initializing buffer pool, size = 128.0M
2018-02-02 15:00:42 1452 [Note] InnoDB: Completed initialization of buffer pool
2018-02-02 15:00:42 1452 [ERROR] InnoDB: C:\Users\ITE152a-28\Desktop\localhost\mysql\data\ibdata1 can't be opened in read-write mode
2018-02-02 15:00:42 1452 [ERROR] InnoDB: The system tablespace must be writable!
2018-02-02 15:00:42 1452 [ERROR] Plugin 'InnoDB' init function returned error.
2018-02-02 15:00:42 1452 [ERROR] Plugin 'InnoDB' registration as a STORAGE ENGINE failed.
2018-02-02 15:00:42 1452 [ERROR] Unknown/unsupported storage engine: InnoDB
2018-02-02 15:00:42 1452 [ERROR] Aborting

2018-02-02 15:00:42 1452 [Note] Binlog end
2018-02-02 15:00:42 1452 [Note] Shutting down plugin 'partition'
2018-02-02 15:00:42 1452 [Note] Shutting down plugin 'PERFORMANCE_SCHEMA'
2018-02-02 15:00:42 1452 [Note] Shutting down plugin 'INNODB_SYS_DATAFILES'
2018-02-02 15:00:42 1452 [Note] Shutting down plugin 'INNODB_SYS_TABLESPACES'
2018-02-02 15:00:42 1452 [Note] Shutting down plugin 'INNODB_SYS_FOREIGN_COLS'
2018-02-02 15:00:42 1452 [Note] Shutting down plugin 'INNODB_SYS_FOREIGN'
2018-02-02 15:00:42 1452 [Note] Shutting down plugin 'INNODB_SYS_FIELDS'
2018-02-02 15:00:42 1452 [Note] Shutting down plugin 'INNODB_SYS_COLUMNS'
2018-02-02 15:00:42 1452 [Note] Shutting down plugin 'INNODB_SYS_INDEXES'
2018-02-02 15:00:42 1452 [Note] Shutting down plugin 'INNODB_SYS_TABLESTATS'
2018-02-02 15:00:42 1452 [Note] Shutting down plugin 'INNODB_SYS_TABLES'
2018-02-02 15:00:42 1452 [Note] Shutting down plugin 'INNODB_FT_INDEX_TABLE'
2018-02-02 15:00:42 1452 [Note] Shutting down plugin 'INNODB_FT_INDEX_CACHE'
2018-02-02 15:00:42 1452 [Note] Shutting down plugin 'INNODB_FT_CONFIG'
2018-02-02 15:00:42 1452 [Note] Shutting down plugin 'INNODB_FT_BEING_DELETED'
2018-02-02 15:00:42 1452 [Note] Shutting down plugin 'INNODB_FT_DELETED'
2018-02-02 15:00:42 1452 [Note] Shutting down plugin 'INNODB_FT_DEFAULT_STOPWORD'
2018-02-02 15:00:42 1452 [Note] Shutting down plugin 'INNODB_METRICS'
2018-02-02 15:00:42 1452 [Note] Shutting down plugin 'INNODB_BUFFER_POOL_STATS'
2018-02-02 15:00:42 1452 [Note] Shutting down plugin 'INNODB_BUFFER_PAGE_LRU'
2018-02-02 15:00:42 1452 [Note] Shutting down plugin 'INNODB_BUFFER_PAGE'
2018-02-02 15:00:42 1452 [Note] Shutting down plugin 'INNODB_CMP_PER_INDEX_RESET'
2018-02-02 15:00:42 1452 [Note] Shutting down plugin 'INNODB_CMP_PER_INDEX'
2018-02-02 15:00:42 1452 [Note] Shutting down plugin 'INNODB_CMPMEM_RESET'
2018-02-02 15:00:42 1452 [Note] Shutting down plugin 'INNODB_CMPMEM'
2018-02-02 15:00:42 1452 [Note] Shutting down plugin 'INNODB_CMP_RESET'
2018-02-02 15:00:42 1452 [Note] Shutting down plugin 'INNODB_CMP'
2018-02-02 15:00:42 1452 [Note] Shutting down plugin 'INNODB_LOCK_WAITS'
2018-02-02 15:00:42 1452 [Note] Shutting down plugin 'INNODB_LOCKS'
2018-02-02 15:00:42 1452 [Note] Shutting down plugin 'INNODB_TRX'
2018-02-02 15:00:42 1452 [Note] Shutting down plugin 'BLACKHOLE'
2018-02-02 15:00:42 1452 [Note] Shutting down plugin 'ARCHIVE'
2018-02-02 15:00:42 1452 [Note] Shutting down plugin 'MRG_MYISAM'
2018-02-02 15:00:42 1452 [Note] Shutting down plugin 'MyISAM'
2018-02-02 15:00:42 1452 [Note] Shutting down plugin 'MEMORY'
2018-02-02 15:00:42 1452 [Note] Shutting down plugin 'CSV'
2018-02-02 15:00:42 1452 [Note] Shutting down plugin 'sha256_password'
2018-02-02 15:00:42 1452 [Note] Shutting down plugin 'mysql_old_password'
2018-02-02 15:00:42 1452 [Note] Shutting down plugin 'mysql_native_password'
2018-02-02 15:00:42 1452 [Note] Shutting down plugin 'binlog'
2018-02-02 15:00:42 1452 [Note] C:\Users\ITE152a-28\Desktop\localhost/mysql/bin/mysqld_usbwv8.exe: Shutdown complete

2018-02-02 15:00:51 3496 [Note] Plugin 'FEDERATED' is disabled.
2018-02-02 15:00:51 3496 [Note] InnoDB: The InnoDB memory heap is disabled
2018-02-02 15:00:51 3496 [Note] InnoDB: Mutexes and rw_locks use Windows interlocked functions
2018-02-02 15:00:51 3496 [Note] InnoDB: Compressed tables use zlib 1.2.3
2018-02-02 15:00:51 3496 [Note] InnoDB: Not using CPU crc32 instructions
2018-02-02 15:00:51 3496 [Note] InnoDB: Initializing buffer pool, size = 128.0M
2018-02-02 15:00:51 3496 [Note] InnoDB: Completed initialization of buffer pool
2018-02-02 15:00:51 3496 [Note] InnoDB: Highest supported file format is Barracuda.
2018-02-02 15:00:51 3496 [Note] InnoDB: The log sequence numbers 1626134 and 1626134 in ibdata files do not match the log sequence number 1626646 in the ib_logfiles!
2018-02-02 15:00:51 3496 [Note] InnoDB: Database was not shutdown normally!
2018-02-02 15:00:51 3496 [Note] InnoDB: Starting crash recovery.
2018-02-02 15:00:51 3496 [Note] InnoDB: Reading tablespace information from the .ibd files...
2018-02-02 15:00:51 3496 [Note] InnoDB: Restoring possible half-written data pages 
2018-02-02 15:00:51 3496 [Note] InnoDB: from the doublewrite buffer...
2018-02-02 15:00:51 3496 [Note] InnoDB: 128 rollback segment(s) are active.
2018-02-02 15:00:51 3496 [Note] InnoDB: Waiting for purge to start
2018-02-02 15:00:51 3496 [Note] InnoDB: 5.6.13 started; log sequence number 1626646
2018-02-02 15:00:51 3496 [Note] Server hostname (bind-address): '*'; port: 3306
2018-02-02 15:00:51 3496 [Note] IPv6 is available.
2018-02-02 15:00:51 3496 [Note]   - '::' resolves to '::';
2018-02-02 15:00:51 3496 [Note] Server socket created on IP: '::'.
2018-02-02 15:00:51 3496 [Note] Event Scheduler: Loaded 0 events
2018-02-02 15:00:51 3496 [Note] C:\Users\ITE152a-28\Desktop\localhost/mysql/bin/mysqld_usbwv8.exe: ready for connections.
Version: '5.6.13'  socket: ''  port: 3306  MySQL Community Server (GPL)
2018-02-02 15:01:14 1252 [Note] Plugin 'FEDERATED' is disabled.
2018-02-02 15:01:14 1252 [Note] InnoDB: The InnoDB memory heap is disabled
2018-02-02 15:01:14 1252 [Note] InnoDB: Mutexes and rw_locks use Windows interlocked functions
2018-02-02 15:01:14 1252 [Note] InnoDB: Compressed tables use zlib 1.2.3
2018-02-02 15:01:14 1252 [Note] InnoDB: Not using CPU crc32 instructions
2018-02-02 15:01:14 1252 [Note] InnoDB: Initializing buffer pool, size = 128.0M
2018-02-02 15:01:14 1252 [Note] InnoDB: Completed initialization of buffer pool
2018-02-02 15:01:14 1252 [Note] InnoDB: Highest supported file format is Barracuda.
2018-02-02 15:01:14 1252 [Note] InnoDB: Log scan progressed past the checkpoint lsn 1626646
2018-02-02 15:01:14 1252 [Note] InnoDB: Database was not shutdown normally!
2018-02-02 15:01:14 1252 [Note] InnoDB: Starting crash recovery.
2018-02-02 15:01:14 1252 [Note] InnoDB: Reading tablespace information from the .ibd files...
2018-02-02 15:01:14 1252 [Note] InnoDB: Restoring possible half-written data pages 
2018-02-02 15:01:14 1252 [Note] InnoDB: from the doublewrite buffer...
InnoDB: Doing recovery: scanned up to log sequence number 1626656
2018-02-02 15:01:14 1252 [Note] InnoDB: 128 rollback segment(s) are active.
2018-02-02 15:01:14 1252 [Note] InnoDB: Waiting for purge to start
2018-02-02 15:01:15 1252 [Note] InnoDB: 5.6.13 started; log sequence number 1626656
2018-02-02 15:01:15 1252 [Note] Server hostname (bind-address): '*'; port: 3306
2018-02-02 15:01:15 1252 [Note] IPv6 is available.
2018-02-02 15:01:15 1252 [Note]   - '::' resolves to '::';
2018-02-02 15:01:15 1252 [Note] Server socket created on IP: '::'.
2018-02-02 15:01:15 1252 [Note] Event Scheduler: Loaded 0 events
2018-02-02 15:01:15 1252 [Note] C:\Users\ITE152a-28\Desktop\localhost/mysql/bin/mysqld_usbwv8.exe: ready for connections.
Version: '5.6.13'  socket: ''  port: 3306  MySQL Community Server (GPL)
2018-02-02 15:01:19 1276 [Note] Plugin 'FEDERATED' is disabled.
2018-02-02 15:01:19 1276 [Note] InnoDB: The InnoDB memory heap is disabled
2018-02-02 15:01:19 1276 [Note] InnoDB: Mutexes and rw_locks use Windows interlocked functions
2018-02-02 15:01:19 1276 [Note] InnoDB: Compressed tables use zlib 1.2.3
2018-02-02 15:01:19 1276 [Note] InnoDB: Not using CPU crc32 instructions
2018-02-02 15:01:19 1276 [Note] InnoDB: Initializing buffer pool, size = 128.0M
2018-02-02 15:01:19 1276 [Note] InnoDB: Completed initialization of buffer pool
2018-02-02 15:01:19 1276 [Note] InnoDB: Highest supported file format is Barracuda.
2018-02-02 15:01:19 1276 [Note] InnoDB: The log sequence numbers 1626134 and 1626134 in ibdata files do not match the log sequence number 1626666 in the ib_logfiles!
2018-02-02 15:01:19 1276 [Note] InnoDB: Database was not shutdown normally!
2018-02-02 15:01:19 1276 [Note] InnoDB: Starting crash recovery.
2018-02-02 15:01:19 1276 [Note] InnoDB: Reading tablespace information from the .ibd files...
2018-02-02 15:01:19 1276 [Note] InnoDB: Restoring possible half-written data pages 
2018-02-02 15:01:19 1276 [Note] InnoDB: from the doublewrite buffer...
2018-02-02 15:01:19 1276 [Note] InnoDB: 128 rollback segment(s) are active.
2018-02-02 15:01:19 1276 [Note] InnoDB: Waiting for purge to start
2018-02-02 15:01:19 1276 [Note] InnoDB: 5.6.13 started; log sequence number 1626666
2018-02-02 15:01:19 1276 [Note] Server hostname (bind-address): '*'; port: 3306
2018-02-02 15:01:19 1276 [Note] IPv6 is available.
2018-02-02 15:01:19 1276 [Note]   - '::' resolves to '::';
2018-02-02 15:01:19 1276 [Note] Server socket created on IP: '::'.
2018-02-02 15:32:23 5232 [Note] Plugin 'FEDERATED' is disabled.
2018-02-02 15:32:23 5232 [Note] InnoDB: The InnoDB memory heap is disabled
2018-02-02 15:32:23 5232 [Note] InnoDB: Mutexes and rw_locks use Windows interlocked functions
2018-02-02 15:32:23 5232 [Note] InnoDB: Compressed tables use zlib 1.2.3
2018-02-02 15:32:23 5232 [Note] InnoDB: Not using CPU crc32 instructions
2018-02-02 15:32:23 5232 [Note] InnoDB: Initializing buffer pool, size = 128.0M
2018-02-02 15:32:23 5232 [Note] InnoDB: Completed initialization of buffer pool
2018-02-02 15:32:23 5232 [Note] InnoDB: Highest supported file format is Barracuda.
2018-02-02 15:32:23 5232 [Note] InnoDB: The log sequence numbers 1626134 and 1626134 in ibdata files do not match the log sequence number 2845069 in the ib_logfiles!
2018-02-02 15:32:23 5232 [Note] InnoDB: Database was not shutdown normally!
2018-02-02 15:32:23 5232 [Note] InnoDB: Starting crash recovery.
2018-02-02 15:32:23 5232 [Note] InnoDB: Reading tablespace information from the .ibd files...
2018-02-02 15:32:23 5232 [Note] InnoDB: Restoring possible half-written data pages 
2018-02-02 15:32:23 5232 [Note] InnoDB: from the doublewrite buffer...
2018-02-02 15:32:24 5232 [Note] InnoDB: 128 rollback segment(s) are active.
2018-02-02 15:32:24 5232 [Note] InnoDB: Waiting for purge to start
2018-02-02 15:32:24 5232 [Note] InnoDB: 5.6.13 started; log sequence number 2845069
2018-02-02 15:32:24 5232 [Note] Server hostname (bind-address): '*'; port: 3306
2018-02-02 15:32:24 5232 [Note] IPv6 is available.
2018-02-02 15:32:24 5232 [Note]   - '::' resolves to '::';
2018-02-02 15:32:24 5232 [Note] Server socket created on IP: '::'.
2018-02-02 15:41:48 2804 [Note] Plugin 'FEDERATED' is disabled.
2018-02-02 15:41:48 2804 [Note] InnoDB: The InnoDB memory heap is disabled
2018-02-02 15:41:48 2804 [Note] InnoDB: Mutexes and rw_locks use Windows interlocked functions
2018-02-02 15:41:48 2804 [Note] InnoDB: Compressed tables use zlib 1.2.3
2018-02-02 15:41:48 2804 [Note] InnoDB: Not using CPU crc32 instructions
2018-02-02 15:41:48 2804 [Note] InnoDB: Initializing buffer pool, size = 128.0M
2018-02-02 15:41:48 2804 [Note] InnoDB: Completed initialization of buffer pool
2018-02-02 15:41:48 2804 [Note] InnoDB: Highest supported file format is Barracuda.
2018-02-02 15:41:48 2804 [Note] InnoDB: The log sequence numbers 1626134 and 1626134 in ibdata files do not match the log sequence number 2857552 in the ib_logfiles!
2018-02-02 15:41:48 2804 [Note] InnoDB: Database was not shutdown normally!
2018-02-02 15:41:48 2804 [Note] InnoDB: Starting crash recovery.
2018-02-02 15:41:48 2804 [Note] InnoDB: Reading tablespace information from the .ibd files...
2018-02-02 15:41:49 2804 [Note] InnoDB: Restoring possible half-written data pages 
2018-02-02 15:41:49 2804 [Note] InnoDB: from the doublewrite buffer...
2018-02-02 15:41:49 2804 [Note] InnoDB: 128 rollback segment(s) are active.
2018-02-02 15:41:49 2804 [Note] InnoDB: Waiting for purge to start
2018-02-02 15:41:49 2804 [Note] InnoDB: 5.6.13 started; log sequence number 2857552
2018-02-02 15:41:49 2804 [Note] Server hostname (bind-address): '*'; port: 3306
2018-02-02 15:41:49 2804 [Note] IPv6 is available.
2018-02-02 15:41:49 2804 [Note]   - '::' resolves to '::';
2018-02-02 15:41:49 2804 [Note] Server socket created on IP: '::'.
2018-02-02 15:54:23 232 [Note] Plugin 'FEDERATED' is disabled.
2018-02-02 15:54:23 232 [Note] InnoDB: The InnoDB memory heap is disabled
2018-02-02 15:54:23 232 [Note] InnoDB: Mutexes and rw_locks use Windows interlocked functions
2018-02-02 15:54:23 232 [Note] InnoDB: Compressed tables use zlib 1.2.3
2018-02-02 15:54:23 232 [Note] InnoDB: Not using CPU crc32 instructions
2018-02-02 15:54:23 232 [Note] InnoDB: Initializing buffer pool, size = 128.0M
2018-02-02 15:54:23 232 [Note] InnoDB: Completed initialization of buffer pool
2018-02-02 15:54:23 232 [ERROR] InnoDB: C:\Users\ITE152a-28\Desktop\wordpress\localhost\mysql\data\ibdata1 can't be opened in read-write mode
2018-02-02 15:54:23 232 [ERROR] InnoDB: The system tablespace must be writable!
2018-02-02 15:54:23 232 [ERROR] Plugin 'InnoDB' init function returned error.
2018-02-02 15:54:23 232 [ERROR] Plugin 'InnoDB' registration as a STORAGE ENGINE failed.
2018-02-02 15:54:23 232 [ERROR] Unknown/unsupported storage engine: InnoDB
2018-02-02 15:54:23 232 [ERROR] Aborting

2018-02-02 15:54:23 232 [Note] Binlog end
2018-02-02 15:54:23 232 [Note] Shutting down plugin 'partition'
2018-02-02 15:54:23 232 [Note] Shutting down plugin 'PERFORMANCE_SCHEMA'
2018-02-02 15:54:23 232 [Note] Shutting down plugin 'INNODB_SYS_DATAFILES'
2018-02-02 15:54:23 232 [Note] Shutting down plugin 'INNODB_SYS_TABLESPACES'
2018-02-02 15:54:23 232 [Note] Shutting down plugin 'INNODB_SYS_FOREIGN_COLS'
2018-02-02 15:54:23 232 [Note] Shutting down plugin 'INNODB_SYS_FOREIGN'
2018-02-02 15:54:23 232 [Note] Shutting down plugin 'INNODB_SYS_FIELDS'
2018-02-02 15:54:23 232 [Note] Shutting down plugin 'INNODB_SYS_COLUMNS'
2018-02-02 15:54:23 232 [Note] Shutting down plugin 'INNODB_SYS_INDEXES'
2018-02-02 15:54:23 232 [Note] Shutting down plugin 'INNODB_SYS_TABLESTATS'
2018-02-02 15:54:23 232 [Note] Shutting down plugin 'INNODB_SYS_TABLES'
2018-02-02 15:54:23 232 [Note] Shutting down plugin 'INNODB_FT_INDEX_TABLE'
2018-02-02 15:54:23 232 [Note] Shutting down plugin 'INNODB_FT_INDEX_CACHE'
2018-02-02 15:54:23 232 [Note] Shutting down plugin 'INNODB_FT_CONFIG'
2018-02-02 15:54:23 232 [Note] Shutting down plugin 'INNODB_FT_BEING_DELETED'
2018-02-02 15:54:23 232 [Note] Shutting down plugin 'INNODB_FT_DELETED'
2018-02-02 15:54:23 232 [Note] Shutting down plugin 'INNODB_FT_DEFAULT_STOPWORD'
2018-02-02 15:54:23 232 [Note] Shutting down plugin 'INNODB_METRICS'
2018-02-02 15:54:23 232 [Note] Shutting down plugin 'INNODB_BUFFER_POOL_STATS'
2018-02-02 15:54:23 232 [Note] Shutting down plugin 'INNODB_BUFFER_PAGE_LRU'
2018-02-02 15:54:23 232 [Note] Shutting down plugin 'INNODB_BUFFER_PAGE'
2018-02-02 15:54:23 232 [Note] Shutting down plugin 'INNODB_CMP_PER_INDEX_RESET'
2018-02-02 15:54:23 232 [Note] Shutting down plugin 'INNODB_CMP_PER_INDEX'
2018-02-02 15:54:23 232 [Note] Shutting down plugin 'INNODB_CMPMEM_RESET'
2018-02-02 15:54:23 232 [Note] Shutting down plugin 'INNODB_CMPMEM'
2018-02-02 15:54:23 232 [Note] Shutting down plugin 'INNODB_CMP_RESET'
2018-02-02 15:54:23 232 [Note] Shutting down plugin 'INNODB_CMP'
2018-02-02 15:54:23 232 [Note] Shutting down plugin 'INNODB_LOCK_WAITS'
2018-02-02 15:54:23 232 [Note] Shutting down plugin 'INNODB_LOCKS'
2018-02-02 15:54:23 232 [Note] Shutting down plugin 'INNODB_TRX'
2018-02-02 15:54:23 232 [Note] Shutting down plugin 'BLACKHOLE'
2018-02-02 15:54:23 232 [Note] Shutting down plugin 'ARCHIVE'
2018-02-02 15:54:23 232 [Note] Shutting down plugin 'MRG_MYISAM'
2018-02-02 15:54:23 232 [Note] Shutting down plugin 'MyISAM'
2018-02-02 15:54:23 232 [Note] Shutting down plugin 'MEMORY'
2018-02-02 15:54:23 232 [Note] Shutting down plugin 'CSV'
2018-02-02 15:54:23 232 [Note] Shutting down plugin 'sha256_password'
2018-02-02 15:54:23 232 [Note] Shutting down plugin 'mysql_old_password'
2018-02-02 15:54:23 232 [Note] Shutting down plugin 'mysql_native_password'
2018-02-02 15:54:23 232 [Note] Shutting down plugin 'binlog'
2018-02-02 15:54:23 232 [Note] C:\Users\ITE152a-28\Desktop\wordpress\localhost/mysql/bin/mysqld_usbwv8.exe: Shutdown complete

2018-02-02 15:55:33 1760 [Note] Plugin 'FEDERATED' is disabled.
2018-02-02 15:55:33 1760 [Note] InnoDB: The InnoDB memory heap is disabled
2018-02-02 15:55:33 1760 [Note] InnoDB: Mutexes and rw_locks use Windows interlocked functions
2018-02-02 15:55:33 1760 [Note] InnoDB: Compressed tables use zlib 1.2.3
2018-02-02 15:55:33 1760 [Note] InnoDB: Not using CPU crc32 instructions
2018-02-02 15:55:33 1760 [Note] InnoDB: Initializing buffer pool, size = 128.0M
2018-02-02 15:55:33 1760 [Note] InnoDB: Completed initialization of buffer pool
2018-02-02 15:55:33 1760 [Note] InnoDB: Highest supported file format is Barracuda.
2018-02-02 15:55:33 1760 [Note] InnoDB: The log sequence numbers 1626134 and 1626134 in ibdata files do not match the log sequence number 2993833 in the ib_logfiles!
2018-02-02 15:55:33 1760 [Note] InnoDB: Database was not shutdown normally!
2018-02-02 15:55:33 1760 [Note] InnoDB: Starting crash recovery.
2018-02-02 15:55:33 1760 [Note] InnoDB: Reading tablespace information from the .ibd files...
2018-02-02 15:55:33 1760 [Note] InnoDB: Restoring possible half-written data pages 
2018-02-02 15:55:33 1760 [Note] InnoDB: from the doublewrite buffer...
2018-02-02 15:55:34 1760 [Note] InnoDB: 128 rollback segment(s) are active.
2018-02-02 15:55:34 1760 [Note] InnoDB: Waiting for purge to start
2018-02-02 15:55:34 1760 [Note] InnoDB: 5.6.13 started; log sequence number 2993833
2018-02-02 15:55:34 1760 [Note] Server hostname (bind-address): '*'; port: 3306
2018-02-02 15:55:34 1760 [Note] IPv6 is available.
2018-02-02 15:55:34 1760 [Note]   - '::' resolves to '::';
2018-02-02 15:55:34 1760 [Note] Server socket created on IP: '::'.
2018-02-02 15:55:59 5520 [Note] Plugin 'FEDERATED' is disabled.
2018-02-02 15:55:59 5520 [Note] InnoDB: The InnoDB memory heap is disabled
2018-02-02 15:55:59 5520 [Note] InnoDB: Mutexes and rw_locks use Windows interlocked functions
2018-02-02 15:55:59 5520 [Note] InnoDB: Compressed tables use zlib 1.2.3
2018-02-02 15:55:59 5520 [Note] InnoDB: Not using CPU crc32 instructions
2018-02-02 15:55:59 5520 [Note] InnoDB: Initializing buffer pool, size = 128.0M
2018-02-02 15:55:59 5520 [Note] InnoDB: Completed initialization of buffer pool
2018-02-02 15:55:59 5520 [Note] InnoDB: Highest supported file format is Barracuda.
2018-02-02 15:55:59 5520 [Note] InnoDB: The log sequence numbers 1626134 and 1626134 in ibdata files do not match the log sequence number 2993843 in the ib_logfiles!
2018-02-02 15:55:59 5520 [Note] InnoDB: Database was not shutdown normally!
2018-02-02 15:55:59 5520 [Note] InnoDB: Starting crash recovery.
2018-02-02 15:55:59 5520 [Note] InnoDB: Reading tablespace information from the .ibd files...
2018-02-02 15:55:59 5520 [Note] InnoDB: Restoring possible half-written data pages 
2018-02-02 15:55:59 5520 [Note] InnoDB: from the doublewrite buffer...
2018-02-02 15:55:59 5520 [Note] InnoDB: 128 rollback segment(s) are active.
2018-02-02 15:55:59 5520 [Note] InnoDB: Waiting for purge to start
2018-02-02 15:55:59 5520 [Note] InnoDB: 5.6.13 started; log sequence number 2993843
2018-02-02 15:55:59 5520 [Note] Server hostname (bind-address): '*'; port: 3306
2018-02-02 15:55:59 5520 [Note] IPv6 is available.
2018-02-02 15:55:59 5520 [Note]   - '::' resolves to '::';
2018-02-02 15:55:59 5520 [Note] Server socket created on IP: '::'.
2018-02-02 15:58:56 2696 [Note] Plugin 'FEDERATED' is disabled.
2018-02-02 15:58:56 2696 [Note] InnoDB: The InnoDB memory heap is disabled
2018-02-02 15:58:56 2696 [Note] InnoDB: Mutexes and rw_locks use Windows interlocked functions
2018-02-02 15:58:56 2696 [Note] InnoDB: Compressed tables use zlib 1.2.3
2018-02-02 15:58:56 2696 [Note] InnoDB: Not using CPU crc32 instructions
2018-02-02 15:58:56 2696 [Note] InnoDB: Initializing buffer pool, size = 128.0M
2018-02-02 15:58:56 2696 [Note] InnoDB: Completed initialization of buffer pool
2018-02-02 15:58:56 2696 [Note] InnoDB: Highest supported file format is Barracuda.
2018-02-02 15:58:56 2696 [Note] InnoDB: The log sequence numbers 1626134 and 1626134 in ibdata files do not match the log sequence number 2996037 in the ib_logfiles!
2018-02-02 15:58:56 2696 [Note] InnoDB: Database was not shutdown normally!
2018-02-02 15:58:56 2696 [Note] InnoDB: Starting crash recovery.
2018-02-02 15:58:56 2696 [Note] InnoDB: Reading tablespace information from the .ibd files...
2018-02-02 15:58:56 2696 [Note] InnoDB: Restoring possible half-written data pages 
2018-02-02 15:58:56 2696 [Note] InnoDB: from the doublewrite buffer...
2018-02-02 15:58:57 2696 [Note] InnoDB: 128 rollback segment(s) are active.
2018-02-02 15:58:57 2696 [Note] InnoDB: Waiting for purge to start
2018-02-02 15:58:57 2696 [Note] InnoDB: 5.6.13 started; log sequence number 2996037
2018-02-02 15:58:57 2696 [Note] Server hostname (bind-address): '*'; port: 3306
2018-02-02 15:58:57 2696 [Note] IPv6 is available.
2018-02-02 15:58:57 2696 [Note]   - '::' resolves to '::';
2018-02-02 15:58:57 2696 [Note] Server socket created on IP: '::'.
