::1 - - [05/Feb/2018:15:45:12 +0800] "GET /wordpress/wp-content/themes/customizr/assets/shared/fonts/fa/css/fontawesome-all.min.css?ver=4.0.17 HTTP/1.1" 200 33896
::1 - - [05/Feb/2018:15:45:12 +0800] "GET /wordpress/wp-content/plugins/contact-form-7/includes/css/styles.css?ver=5.0 HTTP/1.1" 200 1793
::1 - - [05/Feb/2018:15:45:13 +0800] "GET /wordpress/wp-content/themes/customizr/assets/front/css/style.min.css?ver=4.0.17 HTTP/1.1" 200 189432
::1 - - [05/Feb/2018:15:45:13 +0800] "GET /wordpress/wp-content/themes/customizr/assets/front/css/style-modular-scale.min.css?ver=4.0.17 HTTP/1.1" 200 1492
::1 - - [05/Feb/2018:15:45:13 +0800] "GET /wordpress/wp-content/themes/customizr/assets/front/js/libs/modernizr.min.js?ver=4.0.17 HTTP/1.1" 200 14584
::1 - - [05/Feb/2018:15:45:13 +0800] "GET /wordpress/wp-content/uploads/2018/02/cropped-UCN-Logo.jpg HTTP/1.1" 200 8906
::1 - - [05/Feb/2018:15:45:13 +0800] "GET /wordpress/wp-content/themes/customizr/assets/front/js/tc-scripts.min.js?ver=4.0.17 HTTP/1.1" 200 139917
::1 - - [05/Feb/2018:15:45:13 +0800] "GET /wordpress/wp-content/themes/customizr/assets/shared/fonts/customizr/customizr.woff2?128396981 HTTP/1.1" 200 4436
::1 - - [05/Feb/2018:15:45:13 +0800] "GET /wordpress/wp-content/uploads/2018/02/blog-270x250.jpg HTTP/1.1" 200 24262
::1 - - [05/Feb/2018:15:45:13 +0800] "GET /wordpress/wp-content/uploads/2018/02/about-270x250.jpg HTTP/1.1" 200 15212
::1 - - [05/Feb/2018:15:45:13 +0800] "GET /wordpress/wp-content/uploads/2018/02/contact-270x250.jpg HTTP/1.1" 200 11790
::1 - - [05/Feb/2018:15:45:05 +0800] "GET /wordpress/ HTTP/1.1" 200 30160
::1 - - [05/Feb/2018:15:45:13 +0800] "GET /wordpress/wp-content/themes/customizr/assets/shared/fonts/fa/webfonts/fa-solid-900.woff2 HTTP/1.1" 200 36772
::1 - - [05/Feb/2018:15:45:13 +0800] "GET /wordpress/wp-content/plugins/contact-form-7/includes/js/scripts.js?ver=5.0 HTTP/1.1" 200 15080
::1 - - [05/Feb/2018:15:45:13 +0800] "GET /wordpress/wp-content/themes/customizr/assets/shared/fonts/fa/webfonts/fa-brands-400.woff2 HTTP/1.1" 200 53928
::1 - - [05/Feb/2018:15:45:13 +0800] "GET /wordpress/wp-content/themes/customizr/assets/front/css/flickity.min.css HTTP/1.1" 200 1859
::1 - - [05/Feb/2018:15:45:13 +0800] "GET /wordpress/wp-content/themes/customizr/assets/front/js/libs/flickity-pkgd.min.js HTTP/1.1" 200 53860
::1 - - [05/Feb/2018:15:45:13 +0800] "GET /wordpress/wp-content/uploads/2018/02/IMG_8681-cropped-min-4838x500.jpg HTTP/1.1" 200 125916
::1 - - [05/Feb/2018:15:45:13 +0800] "GET /wordpress/wp-content/uploads/2018/02/cropped-site_icon-32x32.jpg HTTP/1.1" 200 1246
::1 - - [05/Feb/2018:15:45:13 +0800] "GET /wordpress/wp-content/uploads/2018/02/cropped-site_icon-192x192.jpg HTTP/1.1" 200 8248
::1 - - [05/Feb/2018:15:45:17 +0800] "GET /wordpress/wp-content/uploads/2018/02/beginners-1504x500.jpg HTTP/1.1" 200 245817
::1 - - [05/Feb/2018:15:45:17 +0800] "GET /wordpress/wp-content/themes/customizr/assets/front/img/slide-placeholder.png HTTP/1.1" 200 7128
::1 - - [05/Feb/2018:15:45:22 +0800] "GET /wordpress/wp-content/themes/customizr/assets/front/css/magnific-popup.min.css HTTP/1.1" 200 5235
::1 - - [05/Feb/2018:15:45:22 +0800] "GET /wordpress/wp-content/themes/customizr/assets/front/js/libs/jquery-magnific-popup.min.js HTTP/1.1" 200 20087
::1 - - [05/Feb/2018:15:45:13 +0800] "POST /wordpress/wp-cron.php?doing_wp_cron=1517816711.2937030792236328125000 HTTP/1.1" 200 -
::1 - - [05/Feb/2018:15:45:38 +0800] "GET /wordpress/dashboard HTTP/1.1" 302 -
::1 - - [05/Feb/2018:15:45:39 +0800] "GET /wordpress/wp-admin/ HTTP/1.1" 302 -
::1 - - [05/Feb/2018:15:45:40 +0800] "GET /wordpress/wp-login.php?redirect_to=http%3A%2F%2Flocalhost%2Fwordpress%2Fwp-admin%2F&reauth=1 HTTP/1.1" 200 2834
::1 - - [05/Feb/2018:15:45:42 +0800] "POST /wordpress/wp-login.php HTTP/1.1" 200 3838
::1 - - [05/Feb/2018:15:45:53 +0800] "POST /wordpress/wp-login.php HTTP/1.1" 302 -
::1 - - [05/Feb/2018:15:45:58 +0800] "GET /wordpress/wp-content/themes/customizr/assets/back/css/tc_admin.min.css?ver=4.0.17 HTTP/1.1" 200 4743
::1 - - [05/Feb/2018:15:45:58 +0800] "GET /wordpress/wp-content/themes/customizr/assets/shared/fonts/fa/webfonts/fa-regular-400.woff2 HTTP/1.1" 200 12228
::1 - - [05/Feb/2018:15:45:54 +0800] "GET /wordpress/wp-admin/ HTTP/1.1" 200 62601
::1 - - [05/Feb/2018:15:46:04 +0800] "GET /wordpress/wp-content/themes/customizr/assets/shared/fonts/fa/css/fontawesome-all.min.css?ver=4.0.17 HTTP/1.1" 304 -
::1 - - [05/Feb/2018:15:46:04 +0800] "GET /wordpress/wp-content/themes/customizr/assets/front/css/style-modular-scale.min.css?ver=4.0.17 HTTP/1.1" 304 -
::1 - - [05/Feb/2018:15:46:04 +0800] "GET /wordpress/wp-content/themes/customizr/assets/front/js/libs/modernizr.min.js?ver=4.0.17 HTTP/1.1" 304 -
::1 - - [05/Feb/2018:15:46:04 +0800] "GET /wordpress/wp-content/plugins/contact-form-7/includes/css/styles.css?ver=5.0 HTTP/1.1" 304 -
::1 - - [05/Feb/2018:15:46:04 +0800] "GET /wordpress/wp-content/themes/customizr/assets/front/css/style.min.css?ver=4.0.17 HTTP/1.1" 304 -
::1 - - [05/Feb/2018:15:46:04 +0800] "GET /wordpress/ HTTP/1.1" 200 42272
::1 - - [05/Feb/2018:15:46:04 +0800] "GET /wordpress/wp-content/themes/customizr/assets/front/js/tc-scripts.min.js?ver=4.0.17 HTTP/1.1" 304 -
::1 - - [05/Feb/2018:15:46:04 +0800] "GET /wordpress/wp-content/plugins/contact-form-7/includes/js/scripts.js?ver=5.0 HTTP/1.1" 304 -
::1 - - [05/Feb/2018:15:46:04 +0800] "GET /wordpress/wp-content/uploads/2018/02/cropped-UCN-Logo.jpg HTTP/1.1" 304 -
::1 - - [05/Feb/2018:15:46:04 +0800] "GET /wordpress/wp-content/uploads/2018/02/blog-270x250.jpg HTTP/1.1" 304 -
::1 - - [05/Feb/2018:15:46:04 +0800] "GET /wordpress/wp-content/uploads/2018/02/about-270x250.jpg HTTP/1.1" 304 -
::1 - - [05/Feb/2018:15:46:04 +0800] "GET /wordpress/wp-content/uploads/2018/02/contact-270x250.jpg HTTP/1.1" 304 -
::1 - - [05/Feb/2018:15:46:04 +0800] "GET /wordpress/wp-content/themes/customizr/assets/shared/fonts/customizr/customizr.woff2?128396981 HTTP/1.1" 304 -
::1 - - [05/Feb/2018:15:46:04 +0800] "GET /wordpress/wp-content/themes/customizr/assets/shared/fonts/fa/webfonts/fa-solid-900.woff2 HTTP/1.1" 304 -
::1 - - [05/Feb/2018:15:46:04 +0800] "GET /wordpress/wp-content/themes/customizr/assets/shared/fonts/fa/webfonts/fa-brands-400.woff2 HTTP/1.1" 304 -
::1 - - [05/Feb/2018:15:46:04 +0800] "GET /wordpress/wp-content/themes/customizr/assets/front/css/flickity.min.css HTTP/1.1" 304 -
::1 - - [05/Feb/2018:15:46:04 +0800] "GET /wordpress/wp-content/themes/customizr/assets/front/js/libs/flickity-pkgd.min.js HTTP/1.1" 304 -
::1 - - [05/Feb/2018:15:46:04 +0800] "GET /wordpress/wp-content/uploads/2018/02/IMG_8681-cropped-min-4838x500.jpg HTTP/1.1" 304 -
::1 - - [05/Feb/2018:15:46:10 +0800] "GET /wordpress/wp-content/uploads/2018/02/beginners-570x350.jpg HTTP/1.1" 200 73125
::1 - - [05/Feb/2018:15:46:09 +0800] "GET /wordpress/category/blank/ HTTP/1.1" 200 34454
::1 - - [05/Feb/2018:15:46:10 +0800] "GET /wordpress/wp-content/themes/customizr/assets/shared/fonts/fa/webfonts/fa-regular-400.woff2 HTTP/1.1" 304 -
::1 - - [05/Feb/2018:15:46:10 +0800] "GET /wordpress/wp-content/themes/customizr/assets/front/css/magnific-popup.min.css HTTP/1.1" 304 -
::1 - - [05/Feb/2018:15:46:10 +0800] "GET /wordpress/wp-content/themes/customizr/assets/front/js/libs/jquery-magnific-popup.min.js HTTP/1.1" 304 -
::1 - - [05/Feb/2018:15:46:12 +0800] "GET /wordpress/wp-content/uploads/2018/02/IMG_8681-cropped-min-570x350.jpg HTTP/1.1" 200 18914
::1 - - [05/Feb/2018:15:46:12 +0800] "GET /wordpress/category/blank-2/ HTTP/1.1" 200 34566
::1 - - [05/Feb/2018:15:46:13 +0800] "GET /wordpress/ HTTP/1.1" 200 42272
::1 - - [05/Feb/2018:15:46:16 +0800] "GET /wordpress/wp-content/uploads/2018/02/beginners-1504x500.jpg HTTP/1.1" 304 -
::1 - - [05/Feb/2018:15:46:16 +0800] "GET /wordpress/wp-content/themes/customizr/assets/front/img/slide-placeholder.png HTTP/1.1" 304 -
::1 - - [05/Feb/2018:15:46:27 +0800] "GET /wordpress/wp-content/themes/customizr/assets/front/js/libs/jquery-magnific-popup.min.js HTTP/1.1" 304 -
::1 - - [05/Feb/2018:15:46:27 +0800] "GET /wordpress/wp-content/themes/customizr/assets/front/css/magnific-popup.min.css HTTP/1.1" 304 -
::1 - - [05/Feb/2018:15:46:41 +0800] "GET /wordpress/wp-content/themes/customizr/assets/front/css/style-modular-scale.min.css?ver=4.0.17 HTTP/1.1" 304 -
::1 - - [05/Feb/2018:15:46:41 +0800] "GET /wordpress/wp-content/themes/customizr/assets/front/css/style.min.css?ver=4.0.17 HTTP/1.1" 304 -
::1 - - [05/Feb/2018:15:46:41 +0800] "GET /wordpress/wp-content/themes/customizr/assets/front/js/libs/modernizr.min.js?ver=4.0.17 HTTP/1.1" 304 -
::1 - - [05/Feb/2018:15:46:41 +0800] "GET /wordpress/wp-content/themes/customizr/assets/front/js/tc-scripts.min.js?ver=4.0.17 HTTP/1.1" 304 -
::1 - - [05/Feb/2018:15:46:41 +0800] "GET /wordpress/wp-content/plugins/contact-form-7/includes/css/styles.css?ver=5.0 HTTP/1.1" 304 -
::1 - - [05/Feb/2018:15:46:41 +0800] "GET /wordpress/wp-content/themes/customizr/assets/shared/fonts/fa/css/fontawesome-all.min.css?ver=4.0.17 HTTP/1.1" 304 -
::1 - - [05/Feb/2018:15:46:41 +0800] "GET /wordpress/wp-content/uploads/2018/02/cropped-UCN-Logo.jpg HTTP/1.1" 304 -
::1 - - [05/Feb/2018:15:46:41 +0800] "GET /wordpress/wp-content/themes/customizr/assets/shared/fonts/customizr/customizr.woff2?128396981 HTTP/1.1" 304 -
::1 - - [05/Feb/2018:15:46:41 +0800] "GET /wordpress/wp-content/uploads/2018/02/ultimate-beginners-guide.jpg HTTP/1.1" 200 55903
::1 - - [05/Feb/2018:15:46:41 +0800] "GET /wordpress/wp-content/uploads/2018/02/ride-rain-obstacles.jpg HTTP/1.1" 200 69630
::1 - - [05/Feb/2018:15:46:41 +0800] "GET /wordpress/wp-content/uploads/2018/02/descend-corner.jpg HTTP/1.1" 200 70871
::1 - - [05/Feb/2018:15:46:41 +0800] "GET /wordpress/wp-content/uploads/2018/02/prepare-to-climb.jpg HTTP/1.1" 200 5765
::1 - - [05/Feb/2018:15:46:41 +0800] "GET /wordpress/wp-content/uploads/2018/02/downshift-gears.jpg HTTP/1.1" 200 6970
::1 - - [05/Feb/2018:15:46:41 +0800] "GET /wordpress/wp-content/uploads/2018/02/conserve-energy.jpg HTTP/1.1" 200 10771
::1 - - [05/Feb/2018:15:46:41 +0800] "GET /wordpress/wp-content/uploads/2018/02/distract-yourself.jpg HTTP/1.1" 200 5710
::1 - - [05/Feb/2018:15:46:41 +0800] "GET /wordpress/wp-content/uploads/2018/02/alternate-positions.jpg HTTP/1.1" 200 4640
::1 - - [05/Feb/2018:15:46:41 +0800] "GET /wordpress/wp-content/uploads/2018/02/get-excited.jpg HTTP/1.1" 200 9608
::1 - - [05/Feb/2018:15:46:41 +0800] "GET /wordpress/wp-content/uploads/2018/02/climbing-standing-vs-sitting.jpg HTTP/1.1" 200 8315
::1 - - [05/Feb/2018:15:46:41 +0800] "GET /wordpress/wp-content/uploads/2018/02/deflate-tire.jpg HTTP/1.1" 200 10583
::1 - - [05/Feb/2018:15:46:41 +0800] "GET /wordpress/wp-content/uploads/2018/02/remove-tire-lever.jpg HTTP/1.1" 200 7755
::1 - - [05/Feb/2018:15:46:41 +0800] "GET /wordpress/wp-content/uploads/2018/02/remove-tire-2-levers.jpg HTTP/1.1" 200 6763
::1 - - [05/Feb/2018:15:46:41 +0800] "GET /wordpress/wp-content/uploads/2018/02/find-puncture.jpg HTTP/1.1" 200 3795
::1 - - [05/Feb/2018:15:46:41 +0800] "GET /wordpress/wp-content/uploads/2018/02/find-puncture-cloth.jpg HTTP/1.1" 200 6287
::1 - - [05/Feb/2018:15:46:41 +0800] "GET /wordpress/wp-content/uploads/2018/02/align-lable-stem.jpg HTTP/1.1" 200 5789
::1 - - [05/Feb/2018:15:46:41 +0800] "GET /wordpress/wp-content/uploads/2018/02/remount-tire.jpg HTTP/1.1" 200 6247
::1 - - [05/Feb/2018:15:46:41 +0800] "GET /wordpress/wp-content/uploads/2018/02/remove-tire.jpg HTTP/1.1" 200 10003
::1 - - [05/Feb/2018:15:46:41 +0800] "GET /wordpress/wp-content/uploads/2018/02/reinflate.jpg HTTP/1.1" 200 12266
::1 - - [05/Feb/2018:15:46:41 +0800] "GET /wordpress/wp-content/uploads/2018/02/be-predictable.jpg HTTP/1.1" 200 4433
::1 - - [05/Feb/2018:15:46:41 +0800] "GET /wordpress/wp-content/uploads/2018/02/stick-to-the-law.jpg HTTP/1.1" 200 12023
::1 - - [05/Feb/2018:15:46:41 +0800] "GET /wordpress/wp-content/uploads/2018/02/ride-to-right.jpg HTTP/1.1" 200 10373
::1 - - [05/Feb/2018:15:46:41 +0800] "GET /wordpress/wp-content/uploads/2018/02/look-left.jpg HTTP/1.1" 200 11388
::1 - - [05/Feb/2018:15:46:41 +0800] "GET /wordpress/wp-content/uploads/2018/02/traffic-cone.jpg HTTP/1.1" 200 6242
::1 - - [05/Feb/2018:15:46:41 +0800] "GET /wordpress/wp-content/uploads/2018/02/pedal-like-pro.jpg HTTP/1.1" 200 64761
::1 - - [05/Feb/2018:15:46:41 +0800] "GET /wordpress/wp-content/uploads/2018/02/gear-icons.jpg HTTP/1.1" 200 9279
::1 - - [05/Feb/2018:15:46:41 +0800] "GET /wordpress/wp-content/uploads/2018/02/components-fit-first.jpg HTTP/1.1" 200 8467
::1 - - [05/Feb/2018:15:46:41 +0800] "GET /wordpress/wp-content/uploads/2018/02/breakfast-food.jpg HTTP/1.1" 200 8641
::1 - - [05/Feb/2018:15:46:41 +0800] "GET /wordpress/wp-content/uploads/2018/02/layer-logic.jpg HTTP/1.1" 200 10984
::1 - - [05/Feb/2018:15:46:41 +0800] "GET /wordpress/wp-content/uploads/2018/02/take-to-go.jpg HTTP/1.1" 200 8435
::1 - - [05/Feb/2018:15:46:41 +0800] "GET /wordpress/wp-content/plugins/contact-form-7/includes/js/scripts.js?ver=5.0 HTTP/1.1" 304 -
::1 - - [05/Feb/2018:15:46:41 +0800] "GET /wordpress/wp-content/themes/customizr/assets/shared/fonts/fa/webfonts/fa-brands-400.woff2 HTTP/1.1" 304 -
::1 - - [05/Feb/2018:15:46:41 +0800] "GET /wordpress/wp-content/themes/customizr/assets/shared/fonts/fa/webfonts/fa-solid-900.woff2 HTTP/1.1" 304 -
::1 - - [05/Feb/2018:15:46:40 +0800] "GET /wordpress/2018/02/03/cycling-for-beginners-the-ultimate-guide/ HTTP/1.1" 200 72309
::1 - - [05/Feb/2018:15:46:41 +0800] "GET /wordpress/wp-content/themes/customizr/assets/shared/fonts/fa/webfonts/fa-regular-400.woff2 HTTP/1.1" 304 -
::1 - - [05/Feb/2018:15:46:41 +0800] "GET /wordpress/wp-content/themes/customizr/assets/front/css/magnific-popup.min.css HTTP/1.1" 304 -
::1 - - [05/Feb/2018:15:46:41 +0800] "GET /wordpress/wp-content/themes/customizr/assets/front/js/libs/jquery-magnific-popup.min.js HTTP/1.1" 304 -
::1 - - [05/Feb/2018:15:47:13 +0800] "GET /wordpress/wp-content/themes/customizr/assets/front/css/style-modular-scale.min.css?ver=4.0.17 HTTP/1.1" 304 -
::1 - - [05/Feb/2018:15:47:13 +0800] "GET /wordpress/wp-content/plugins/contact-form-7/includes/css/styles.css?ver=5.0 HTTP/1.1" 304 -
::1 - - [05/Feb/2018:15:47:13 +0800] "GET /wordpress/wp-content/themes/customizr/assets/shared/fonts/fa/css/fontawesome-all.min.css?ver=4.0.17 HTTP/1.1" 304 -
::1 - - [05/Feb/2018:15:47:13 +0800] "GET /wordpress/wp-content/themes/customizr/assets/front/js/tc-scripts.min.js?ver=4.0.17 HTTP/1.1" 304 -
::1 - - [05/Feb/2018:15:47:13 +0800] "GET /wordpress/wp-content/themes/customizr/assets/front/css/style.min.css?ver=4.0.17 HTTP/1.1" 304 -
::1 - - [05/Feb/2018:15:47:13 +0800] "GET /wordpress/wp-content/themes/customizr/assets/front/js/libs/modernizr.min.js?ver=4.0.17 HTTP/1.1" 304 -
::1 - - [05/Feb/2018:15:47:13 +0800] "GET /wordpress/wp-content/uploads/2018/02/cropped-UCN-Logo.jpg HTTP/1.1" 304 -
::1 - - [05/Feb/2018:15:47:13 +0800] "GET /wordpress/wp-content/uploads/2018/02/IMG_8681-cropped-min-570x350.jpg HTTP/1.1" 304 -
::1 - - [05/Feb/2018:15:47:13 +0800] "GET /wordpress/wp-content/plugins/contact-form-7/includes/js/scripts.js?ver=5.0 HTTP/1.1" 304 -
::1 - - [05/Feb/2018:15:47:13 +0800] "GET /wordpress/wp-content/themes/customizr/assets/shared/fonts/customizr/customizr.woff2?128396981 HTTP/1.1" 304 -
::1 - - [05/Feb/2018:15:47:13 +0800] "GET /wordpress/wp-content/themes/customizr/assets/shared/fonts/fa/webfonts/fa-brands-400.woff2 HTTP/1.1" 304 -
::1 - - [05/Feb/2018:15:47:13 +0800] "GET /wordpress/wp-content/themes/customizr/assets/shared/fonts/fa/webfonts/fa-solid-900.woff2 HTTP/1.1" 304 -
::1 - - [05/Feb/2018:15:47:13 +0800] "GET /wordpress/category/blank-2/ HTTP/1.1" 200 34566
::1 - - [05/Feb/2018:15:47:13 +0800] "GET /wordpress/wp-content/themes/customizr/assets/shared/fonts/fa/webfonts/fa-regular-400.woff2 HTTP/1.1" 304 -
::1 - - [05/Feb/2018:15:47:13 +0800] "GET /wordpress/wp-content/themes/customizr/assets/front/css/magnific-popup.min.css HTTP/1.1" 304 -
::1 - - [05/Feb/2018:15:47:13 +0800] "GET /wordpress/wp-content/themes/customizr/assets/front/js/libs/jquery-magnific-popup.min.js HTTP/1.1" 304 -
::1 - - [05/Feb/2018:15:47:15 +0800] "GET /wordpress/wp-content/uploads/2018/02/core-bike_2.jpg HTTP/1.1" 200 29728
::1 - - [05/Feb/2018:15:47:15 +0800] "GET /wordpress/wp-content/uploads/2018/02/power-bridge.jpg HTTP/1.1" 200 36405
::1 - - [05/Feb/2018:15:47:15 +0800] "GET /wordpress/wp-content/uploads/2018/02/plank.jpg HTTP/1.1" 200 28103
::1 - - [05/Feb/2018:15:47:15 +0800] "GET /wordpress/wp-content/uploads/2018/02/boxer-ball-crunch.jpg HTTP/1.1" 200 42866
::1 - - [05/Feb/2018:15:47:15 +0800] "GET /wordpress/wp-content/uploads/2018/02/hip-extension_0.jpg HTTP/1.1" 200 30097
::1 - - [05/Feb/2018:15:47:15 +0800] "GET /wordpress/wp-content/uploads/2018/02/transverse-plank.jpg HTTP/1.1" 200 24849
::1 - - [05/Feb/2018:15:47:15 +0800] "GET /wordpress/wp-content/uploads/2018/02/scissor-kicks_0.jpg HTTP/1.1" 200 36566
::1 - - [05/Feb/2018:15:47:15 +0800] "GET /wordpress/wp-content/uploads/2018/02/cataputl.jpg HTTP/1.1" 200 29472
::1 - - [05/Feb/2018:15:47:15 +0800] "GET /wordpress/wp-content/uploads/2018/02/boat-pose_0.jpg HTTP/1.1" 200 36066
::1 - - [05/Feb/2018:15:47:15 +0800] "GET /wordpress/2018/02/03/how-to-train-the-most-important-core-muscles-for-cycling/ HTTP/1.1" 200 49320
::1 - - [05/Feb/2018:15:47:34 +0800] "GET /wordpress/wp-content/themes/customizr/assets/shared/fonts/fa/css/fontawesome-all.min.css?ver=4.0.17 HTTP/1.1" 304 -
::1 - - [05/Feb/2018:15:47:34 +0800] "GET /wordpress/wp-content/plugins/contact-form-7/includes/css/styles.css?ver=5.0 HTTP/1.1" 304 -
::1 - - [05/Feb/2018:15:47:34 +0800] "GET /wordpress/wp-content/themes/customizr/assets/front/js/libs/modernizr.min.js?ver=4.0.17 HTTP/1.1" 304 -
::1 - - [05/Feb/2018:15:47:34 +0800] "GET /wordpress/wp-content/themes/customizr/assets/front/css/style-modular-scale.min.css?ver=4.0.17 HTTP/1.1" 304 -
::1 - - [05/Feb/2018:15:47:34 +0800] "GET /wordpress/wp-content/themes/customizr/assets/front/css/style.min.css?ver=4.0.17 HTTP/1.1" 304 -
::1 - - [05/Feb/2018:15:47:34 +0800] "GET /wordpress/wp-content/themes/customizr/assets/front/js/tc-scripts.min.js?ver=4.0.17 HTTP/1.1" 304 -
::1 - - [05/Feb/2018:15:47:34 +0800] "GET /wordpress/wp-content/uploads/2018/02/cropped-UCN-Logo.jpg HTTP/1.1" 304 -
::1 - - [05/Feb/2018:15:47:34 +0800] "GET /wordpress/wp-content/themes/customizr/assets/shared/fonts/customizr/customizr.woff2?128396981 HTTP/1.1" 304 -
::1 - - [05/Feb/2018:15:47:34 +0800] "GET /wordpress/wp-content/uploads/2018/02/blog-270x250.jpg HTTP/1.1" 304 -
::1 - - [05/Feb/2018:15:47:34 +0800] "GET /wordpress/wp-content/uploads/2018/02/about-270x250.jpg HTTP/1.1" 304 -
::1 - - [05/Feb/2018:15:47:34 +0800] "GET /wordpress/wp-content/uploads/2018/02/contact-270x250.jpg HTTP/1.1" 304 -
::1 - - [05/Feb/2018:15:47:33 +0800] "GET /wordpress/ HTTP/1.1" 200 42272
::1 - - [05/Feb/2018:15:47:34 +0800] "GET /wordpress/wp-content/plugins/contact-form-7/includes/js/scripts.js?ver=5.0 HTTP/1.1" 304 -
::1 - - [05/Feb/2018:15:47:34 +0800] "GET /wordpress/wp-content/themes/customizr/assets/shared/fonts/fa/webfonts/fa-brands-400.woff2 HTTP/1.1" 304 -
::1 - - [05/Feb/2018:15:47:34 +0800] "GET /wordpress/wp-content/themes/customizr/assets/shared/fonts/fa/webfonts/fa-solid-900.woff2 HTTP/1.1" 304 -
::1 - - [05/Feb/2018:15:47:34 +0800] "GET /wordpress/wp-content/themes/customizr/assets/shared/fonts/fa/webfonts/fa-regular-400.woff2 HTTP/1.1" 304 -
::1 - - [05/Feb/2018:15:47:34 +0800] "GET /wordpress/wp-content/themes/customizr/assets/front/css/flickity.min.css HTTP/1.1" 304 -
::1 - - [05/Feb/2018:15:47:34 +0800] "GET /wordpress/wp-content/themes/customizr/assets/front/js/libs/flickity-pkgd.min.js HTTP/1.1" 304 -
::1 - - [05/Feb/2018:15:47:34 +0800] "GET /wordpress/wp-content/uploads/2018/02/IMG_8681-cropped-min-4838x500.jpg HTTP/1.1" 304 -
::1 - - [05/Feb/2018:15:47:39 +0800] "GET /wordpress/wp-content/uploads/2018/02/beginners-1504x500.jpg HTTP/1.1" 304 -
::1 - - [05/Feb/2018:15:47:39 +0800] "GET /wordpress/wp-content/themes/customizr/assets/front/img/slide-placeholder.png HTTP/1.1" 304 -
::1 - - [05/Feb/2018:15:47:50 +0800] "GET /wordpress/ HTTP/1.1" 200 42272
